\BOOKMARK [0][-]{section*.7}{Liste des tableaux}{}% 1
\BOOKMARK [0][-]{section*.8}{Table des figures}{}% 2
\BOOKMARK [0][-]{section*.8}{Introduction}{}% 3
\BOOKMARK [-1][-]{part.1}{Pr\351sentation G\351n\351rale}{}% 4
\BOOKMARK [0][-]{chapter.1}{La Structure d'accueil}{part.1}% 5
\BOOKMARK [1][-]{section.1.1}{Pr\351sentation de HubSo}{chapter.1}% 6
\BOOKMARK [1][-]{section.1.2}{Domaines d'activit\351s}{chapter.1}% 7
\BOOKMARK [1][-]{section.1.3}{Quelques Solutions}{chapter.1}% 8
\BOOKMARK [1][-]{section.1.4}{Organisation}{chapter.1}% 9
\BOOKMARK [0][-]{chapter.2}{Le Sujet}{part.1}% 10
\BOOKMARK [1][-]{section.2.1}{Pr\351sentation}{chapter.2}% 11
\BOOKMARK [1][-]{section.2.2}{Contexte}{chapter.2}% 12
\BOOKMARK [2][-]{subsection.2.2.1}{Evolution des applications Web}{section.2.2}% 13
\BOOKMARK [2][-]{subsection.2.2.2}{Apparition des applications mobiles}{section.2.2}% 14
\BOOKMARK [1][-]{section.2.3}{Probl\351matique}{chapter.2}% 15
\BOOKMARK [1][-]{section.2.4}{Objectifs}{chapter.2}% 16
\BOOKMARK [-1][-]{part.2}{Etat de l'art sur la s\351curit\351 informatique}{}% 17
\BOOKMARK [0][-]{chapter.3}{D\351finitions}{part.2}% 18
\BOOKMARK [1][-]{section.3.1}{S\351curit\351 informatique}{chapter.3}% 19
\BOOKMARK [1][-]{section.3.2}{Cryptographie}{chapter.3}% 20
\BOOKMARK [0][-]{chapter.4}{Historique}{part.2}% 21
\BOOKMARK [1][-]{section.4.1}{Gen\350se}{chapter.4}% 22
\BOOKMARK [1][-]{section.4.2}{Seconde Guerre mondiale et guerre froide : tournant de l'histoire de la s\351curit\351 informatique}{chapter.4}% 23
\BOOKMARK [1][-]{section.4.3}{Evolutions r\351centes}{chapter.4}% 24
\BOOKMARK [0][-]{chapter.5}{Contexte}{part.2}% 25
\BOOKMARK [1][-]{section.5.1}{Contexte juridique}{chapter.5}% 26
\BOOKMARK [1][-]{section.5.2}{Contexte organisationnel}{chapter.5}% 27
\BOOKMARK [-1][-]{part.3}{Etat de l'art sur la s\351curit\351 des applications Web}{}% 28
\BOOKMARK [-1][-]{part.4}{Analyse et Conception}{}% 29
\BOOKMARK [-1][-]{part.5}{R\351alisation}{}% 30
\BOOKMARK [-1][-]{part.6}{Bilan et Perspectives}{}% 31
